<?xml version="1.0" encoding="UTF-8"?>
<testng-results skipped="0" failed="0" ignored="2" total="5" passed="3">
  <reporter-output>
  </reporter-output>
  <suite name="Suite" duration-ms="14956" started-at="2021-12-22T15:58:28Z" finished-at="2021-12-22T15:58:43Z">
    <groups>
    </groups>
    <test name="Test" duration-ms="14956" started-at="2021-12-22T15:58:28Z" finished-at="2021-12-22T15:58:43Z">
      <class name="test.LoginPageTest">
        <test-method status="PASS" signature="setup()[pri:0, instance:test.LoginPageTest@eb21112]" name="setup" is-config="true" duration-ms="3895" started-at="2021-12-22T15:58:34Z" finished-at="2021-12-22T15:58:38Z">
          <reporter-output>
          </reporter-output>
        </test-method> <!-- setup -->
        <test-method status="PASS" signature="LoginTest(java.lang.String, java.lang.String)[pri:0, instance:test.LoginPageTest@eb21112]" name="LoginTest" duration-ms="412" started-at="2021-12-22T15:58:38Z" finished-at="2021-12-22T15:58:38Z">
          <params>
            <param index="0">
              <value>
                <![CDATA[ram@gmail.com]]>
              </value>
            </param>
            <param index="1">
              <value>
                <![CDATA[Ram123]]>
              </value>
            </param>
          </params>
          <reporter-output>
          </reporter-output>
        </test-method> <!-- LoginTest -->
        <test-method status="PASS" signature="teardown()[pri:0, instance:test.LoginPageTest@eb21112]" name="teardown" is-config="true" duration-ms="67" started-at="2021-12-22T15:58:38Z" finished-at="2021-12-22T15:58:38Z">
          <reporter-output>
          </reporter-output>
        </test-method> <!-- teardown -->
      </class> <!-- test.LoginPageTest -->
      <class name="test.SignUpPageTest">
        <test-method status="PASS" signature="ReportSetup()[pri:0, instance:test.SignUpPageTest@43a0cee9]" name="ReportSetup" is-config="true" duration-ms="130" started-at="2021-12-22T15:58:28Z" finished-at="2021-12-22T15:58:28Z">
          <reporter-output>
          </reporter-output>
        </test-method> <!-- ReportSetup -->
        <test-method status="PASS" signature="setup()[pri:0, instance:test.SignUpPageTest@43a0cee9]" name="setup" is-config="true" duration-ms="4484" started-at="2021-12-22T15:58:28Z" finished-at="2021-12-22T15:58:33Z">
          <reporter-output>
          </reporter-output>
        </test-method> <!-- setup -->
        <test-method status="PASS" signature="signupTest(java.lang.String, java.lang.String, java.lang.String, java.lang.String, java.lang.String, java.lang.String)[pri:0, instance:test.SignUpPageTest@43a0cee9]" name="signupTest" duration-ms="912" started-at="2021-12-22T15:58:33Z" finished-at="2021-12-22T15:58:34Z">
          <params>
            <param index="0">
              <value>
                <![CDATA[ram@gmail.com]]>
              </value>
            </param>
            <param index="1">
              <value>
                <![CDATA[Ram123]]>
              </value>
            </param>
            <param index="2">
              <value>
                <![CDATA[RAMA]]>
              </value>
            </param>
            <param index="3">
              <value>
                <![CDATA[KRISHNA]]>
              </value>
            </param>
            <param index="4">
              <value>
                <![CDATA[23]]>
              </value>
            </param>
            <param index="5">
              <value>
                <![CDATA[Bangalore]]>
              </value>
            </param>
          </params>
          <reporter-output>
          </reporter-output>
        </test-method> <!-- signupTest -->
        <test-method status="PASS" signature="teardown()[pri:0, instance:test.SignUpPageTest@43a0cee9]" name="teardown" is-config="true" duration-ms="79" started-at="2021-12-22T15:58:34Z" finished-at="2021-12-22T15:58:34Z">
          <reporter-output>
          </reporter-output>
        </test-method> <!-- teardown -->
      </class> <!-- test.SignUpPageTest -->
      <class name="test.AfterLoginTest">
        <test-method status="PASS" signature="setup()[pri:0, instance:test.AfterLoginTest@2eda0940]" name="setup" is-config="true" duration-ms="3816" started-at="2021-12-22T15:58:38Z" finished-at="2021-12-22T15:58:42Z">
          <reporter-output>
          </reporter-output>
        </test-method> <!-- setup -->
        <test-method status="PASS" signature="afterLogin(java.lang.String, java.lang.String)[pri:0, instance:test.AfterLoginTest@2eda0940]" name="afterLogin" duration-ms="1071" started-at="2021-12-22T15:58:42Z" finished-at="2021-12-22T15:58:43Z">
          <params>
            <param index="0">
              <value>
                <![CDATA[ram@gmail.com]]>
              </value>
            </param>
            <param index="1">
              <value>
                <![CDATA[Ram123]]>
              </value>
            </param>
          </params>
          <reporter-output>
          </reporter-output>
        </test-method> <!-- afterLogin -->
        <test-method status="PASS" signature="teardown()[pri:0, instance:test.AfterLoginTest@2eda0940]" name="teardown" is-config="true" duration-ms="67" started-at="2021-12-22T15:58:43Z" finished-at="2021-12-22T15:58:43Z">
          <reporter-output>
          </reporter-output>
        </test-method> <!-- teardown -->
      </class> <!-- test.AfterLoginTest -->
    </test> <!-- Test -->
  </suite> <!-- Suite -->
</testng-results>
